<?xml version="1.0" encoding="UTF-8"?>
<testng-results ignored="0" total="1" passed="1" failed="0" skipped="0">
  <reporter-output>
  </reporter-output>
  <suite started-at="2024-11-02T18:49:22 IST" name="Default suite" finished-at="2024-11-02T18:49:24 IST" duration-ms="1352">
    <groups>
    </groups>
    <test started-at="2024-11-02T18:49:22 IST" name="Default test" finished-at="2024-11-02T18:49:24 IST" duration-ms="1352">
      <class name="base.ApiTest">
        <test-method signature="testGetRequest()[pri:0, instance:base.ApiTest@33d512c1]" started-at="2024-11-02T18:49:22 IST" name="testGetRequest" finished-at="2024-11-02T18:49:24 IST" duration-ms="1313" status="PASS">
          <reporter-output>
          </reporter-output>
        </test-method> <!-- testGetRequest -->
      </class> <!-- base.ApiTest -->
    </test> <!-- Default test -->
  </suite> <!-- Default suite -->
</testng-results>
