<?xml version="1.0" encoding="UTF-8"?>
<testng-results ignored="0" total="1" passed="1" failed="0" skipped="0">
  <reporter-output>
  </reporter-output>
  <suite started-at="2024-11-02T18:49:08 IST" name="Default suite" finished-at="2024-11-02T18:49:11 IST" duration-ms="2873">
    <groups>
    </groups>
    <test started-at="2024-11-02T18:49:08 IST" name="Default test" finished-at="2024-11-02T18:49:11 IST" duration-ms="2873">
      <class name="testcases.SauceDemoTest">
        <test-method is-config="true" signature="setup()[pri:0, instance:testcases.SauceDemoTest@1151e434]" started-at="2024-11-02T18:49:08 IST" name="setup" finished-at="2024-11-02T18:49:10 IST" duration-ms="1604" status="PASS">
          <reporter-output>
          </reporter-output>
        </test-method> <!-- setup -->
        <test-method is-config="true" signature="setupPages()[pri:0, instance:testcases.SauceDemoTest@1151e434]" started-at="2024-11-02T18:49:10 IST" name="setupPages" finished-at="2024-11-02T18:49:10 IST" duration-ms="4" status="PASS">
          <reporter-output>
          </reporter-output>
        </test-method> <!-- setupPages -->
        <test-method signature="testLoginAddToCartAndLogout()[pri:0, instance:testcases.SauceDemoTest@1151e434]" started-at="2024-11-02T18:49:10 IST" name="testLoginAddToCartAndLogout" finished-at="2024-11-02T18:49:11 IST" duration-ms="1050" status="PASS">
          <reporter-output>
          </reporter-output>
        </test-method> <!-- testLoginAddToCartAndLogout -->
        <test-method is-config="true" signature="tearDown()[pri:0, instance:testcases.SauceDemoTest@1151e434]" started-at="2024-11-02T18:49:11 IST" name="tearDown" finished-at="2024-11-02T18:49:11 IST" duration-ms="187" status="PASS">
          <reporter-output>
          </reporter-output>
        </test-method> <!-- tearDown -->
      </class> <!-- testcases.SauceDemoTest -->
    </test> <!-- Default test -->
  </suite> <!-- Default suite -->
</testng-results>
